<?xml version="1.0" encoding="UTF-8"?>
<testng-results ignored="0" total="1" passed="1" failed="0" skipped="0">
  <reporter-output>
  </reporter-output>
  <suite started-at="2021-12-09T19:28:20 COT" name="cs.ing.MainTest" finished-at="2021-12-09T19:28:20 COT" duration-ms="158">
    <groups>
    </groups>
    <test started-at="2021-12-09T19:28:20 COT" name="Command line test" finished-at="2021-12-09T19:28:20 COT" duration-ms="158">
      <class name="cs.ing.MainTest">
        <test-method signature="TestMain()[pri:0, instance:cs.ing.MainTest@78fa769e]" started-at="2021-12-09T19:28:20 COT" name="TestMain" finished-at="2021-12-09T19:28:20 COT" duration-ms="84" status="PASS">
          <reporter-output>
          </reporter-output>
        </test-method> <!-- TestMain -->
      </class> <!-- cs.ing.MainTest -->
    </test> <!-- Command line test -->
  </suite> <!-- cs.ing.MainTest -->
</testng-results>
