GROUP,PACKAGE,CLASS,INSTRUCTION_MISSED,INSTRUCTION_COVERED,BRANCH_MISSED,BRANCH_COVERED,LINE_MISSED,LINE_COVERED,COMPLEXITY_MISSED,COMPLEXITY_COVERED,METHOD_MISSED,METHOD_COVERED
practica-calificada-2-luis-carbajal-c,cs.ing.custom_exceptions,CustomRuntimeException,4,0,0,0,2,0,1,0,1,0
practica-calificada-2-luis-carbajal-c,cs.ing,Pair,0,15,0,0,0,1,0,3,0,3
practica-calificada-2-luis-carbajal-c,cs.ing,Teacher,24,21,4,0,5,8,4,2,1,2
practica-calificada-2-luis-carbajal-c,cs.ing,Main,0,12,0,0,0,4,0,3,0,3
practica-calificada-2-luis-carbajal-c,cs.ing,Principal,1,252,0,28,1,52,1,19,1,5
practica-calificada-2-luis-carbajal-c,cs.ing,Student,37,0,4,0,11,0,6,0,3,0
